#
# A fatal error has been detected by the Java Runtime Environment:
#
#  EXCEPTION_ACCESS_VIOLATION (0xc0000005) at pc=0x00007fffa6430851, pid=7068, tid=0x0000000000003458
#
# JRE version: OpenJDK Runtime Environment (8.0_362-b09) (build 1.8.0_362-b09)
# Java VM: OpenJDK 64-Bit Server VM (25.362-b09 mixed mode windows-amd64 compressed oops)
# Problematic frame:
# C  [igxelpicd64.dll+0x260851]
#
# Failed to write core dump. Minidumps are not enabled by default on client versions of Windows
#
# If you would like to submit a bug report, please visit:
#   https://github.com/adoptium/adoptium-support/issues
#

---------------  T H R E A D  ---------------

Current thread (0x000001c669b7e800):  VMThread [stack: 0x00000004cc800000,0x00000004cc900000] [id=13400]

siginfo: ExceptionCode=0xc0000005, reading address 0x00000000000356f8

Registers:
RAX=0x000001c66d57c7f8, RBX=0x000001c66d57ccc0, RCX=0x0000000000000000, RDX=0x0000000000000000
RSP=0x00000004cc8fe8e0, RBP=0x000001c66d578550, RSI=0x000001c66d57c6f0, RDI=0x000001c66fd2d450
R8 =0x0000000000000014, R9 =0x0000000000000000, R10=0x0000000000000000, R11=0x0000000000000246
R12=0x0000000000000016, R13=0x0000000000000000, R14=0x0000000000000000, R15=0x0000000000000000
RIP=0x00007fffa6430851, EFLAGS=0x0000000000010202

Top of Stack: (sp=0x00000004cc8fe8e0)
0x00000004cc8fe8e0:   000001c66cd71050 00007ff81b73f070
0x00000004cc8fe8f0:   00000004cc8fea60 00007ff81bbf0eb4
0x00000004cc8fe900:   000001c651460c50 00000004cc8feb20
0x00000004cc8fe910:   0000000000000001 00007ff81bb6cb51
0x00000004cc8fe920:   000001c66f593f78 000000000000009f
0x00000004cc8fe930:   0000000000000000 000000000000000f
0x00000004cc8fe940:   0000000000000000 0000000000000000
0x00000004cc8fe950:   00000004cc8fea60 00007fffa6243b7c
0x00000004cc8fe960:   000001c600000016 000001c66cd71050
0x00000004cc8fe970:   000001c66fd2d450 00000004cc8feb00
0x00000004cc8fe980:   0000000400002a1c 0000b80200000000
0x00000004cc8fe990:   0000000000000000 00000004f46857d4
0x00000004cc8fe9a0:   00000000000004b4 000001c651451c04
0x00000004cc8fe9b0:   0000000400000002 00007ff81bb6c7bc
0x00000004cc8fe9c0:   0000ef43cbc5fce2 00007fffa645c69f
0x00000004cc8fe9d0:   0000000000000000 00007fffa6436cbe 

Instructions: (pc=0x00007fffa6430851)
0x00007fffa6430831:   18 01 00 00 48 8d 04 d5 21 00 00 00 48 03 c2 48
0x00007fffa6430841:   8d 04 c6 48 85 c0 0f 84 70 01 00 00 48 8b 48 08
0x00007fffa6430851:   49 3b 8e f8 56 03 00 0f 87 e9 02 00 00 48 83 be
0x00007fffa6430861:   48 06 00 00 00 0f 85 29 49 72 00 44 8b 97 c8 01 


Register to memory mapping:

RAX=0x000001c66d57c7f8 is an unknown value
RBX=0x000001c66d57ccc0 is an unknown value
RCX=0x0000000000000000 is an unknown value
RDX=0x0000000000000000 is an unknown value
RSP=0x00000004cc8fe8e0 is an unknown value
RBP=0x000001c66d578550 is an unknown value
RSI=0x000001c66d57c6f0 is an unknown value
RDI=0x000001c66fd2d450 is an unknown value
R8 =0x0000000000000014 is an unknown value
R9 =0x0000000000000000 is an unknown value
R10=0x0000000000000000 is an unknown value
R11=0x0000000000000246 is an unknown value
R12=0x0000000000000016 is an unknown value
R13=0x0000000000000000 is an unknown value
R14=0x0000000000000000 is an unknown value
R15=0x0000000000000000 is an unknown value


Stack: [0x00000004cc800000,0x00000004cc900000],  sp=0x00000004cc8fe8e0,  free space=1018k
Native frames: (J=compiled Java code, j=interpreted, Vv=VM code, C=native code)
C  [igxelpicd64.dll+0x260851]
C  [igxelpicd64.dll+0x73b7c]
C  [igxelpicd64.dll+0x2be5ef]
C  [igxelpicd64.dll+0x158f3e]
C  [igxelpicd64.dll+0x2ae92b]
C  [igxelpicd64.dll+0x2aeacb]
C  [igxelpicd64.dll+0x2aa61f]
C  [igxelpicd64.dll+0x2aa454]
C  [igxelpicd64.dll+0x780deb]
C  [ntdll.dll+0x19a1d]
C  [ntdll.dll+0x5dcec]
C  [ntdll.dll+0x5da7d]
C  [KERNEL32.DLL+0x1e82b]
C  [ucrtbase.dll+0x205bc]
C  [ucrtbase.dll+0x2045f]
V  [jvm.dll+0x1e8ca5]
V  [jvm.dll+0x224426]
V  [jvm.dll+0x2249c4]
V  [jvm.dll+0x222f84]
V  [jvm.dll+0x22375f]
V  [jvm.dll+0x223a64]
V  [jvm.dll+0x26d31c]
C  [ucrtbase.dll+0x21bb2]
C  [KERNEL32.DLL+0x17614]
C  [ntdll.dll+0x526a1]

VM_Operation (0x00000004cbfff300): Exit, mode: safepoint, requested by thread 0x000001c651555800


---------------  P R O C E S S  ---------------

Java Threads: ( => current thread )
  0x000001c66c8b6000 JavaThread "com.google.inject.internal.util.$Finalizer" daemon [_thread_blocked, id=11248, stack(0x00000004cd400000,0x00000004cd500000)]
  0x000001c66c6c3000 JavaThread "EMF Reference Cleaner" daemon [_thread_blocked, id=2580, stack(0x00000004cd300000,0x00000004cd400000)]
  0x000001c66ba71800 JavaThread "Service Thread" daemon [_thread_blocked, id=18060, stack(0x00000004cd100000,0x00000004cd200000)]
  0x000001c669bf0000 JavaThread "C1 CompilerThread3" daemon [_thread_blocked, id=11088, stack(0x00000004cd000000,0x00000004cd100000)]
  0x000001c669be8800 JavaThread "C2 CompilerThread2" daemon [_thread_blocked, id=18288, stack(0x00000004ccf00000,0x00000004cd000000)]
  0x000001c669bed000 JavaThread "C2 CompilerThread1" daemon [_thread_blocked, id=15476, stack(0x00000004cce00000,0x00000004ccf00000)]
  0x000001c669beb800 JavaThread "C2 CompilerThread0" daemon [_thread_blocked, id=12708, stack(0x00000004ccd00000,0x00000004cce00000)]
  0x000001c669bdf800 JavaThread "Attach Listener" daemon [_thread_blocked, id=6996, stack(0x00000004ccc00000,0x00000004ccd00000)]
  0x000001c669bdf000 JavaThread "Signal Dispatcher" daemon [_thread_blocked, id=15184, stack(0x00000004ccb00000,0x00000004ccc00000)]
  0x000001c669bb9000 JavaThread "Finalizer" daemon [_thread_blocked, id=17360, stack(0x00000004cca00000,0x00000004ccb00000)]
  0x000001c669ba8800 JavaThread "Reference Handler" daemon [_thread_blocked, id=7804, stack(0x00000004cc900000,0x00000004cca00000)]
  0x000001c651555800 JavaThread "main" [_thread_blocked, id=8764, stack(0x00000004cbf00000,0x00000004cc000000)]

Other Threads:
=>0x000001c669b7e800 VMThread [stack: 0x00000004cc800000,0x00000004cc900000] [id=13400]

VM state:at safepoint (shutting down)

VM Mutex/Monitor currently owned by a thread:  ([mutex/lock_event])
[0x000001c651552290] Threads_lock - owner thread: 0x000001c669b7e800

heap address: 0x0000000704400000, size: 3004 MB, Compressed Oops mode: Zero based, Oop shift amount: 3
Narrow klass base: 0x0000000000000000, Narrow klass shift: 3
Compressed class space size: 1073741824 Address: 0x00000007c0000000

Heap:
 PSYoungGen      total 104960K, used 24717K [0x0000000781700000, 0x0000000788500000, 0x00000007c0000000)
  eden space 97280K, 25% used [0x0000000781700000,0x0000000782f234e8,0x0000000787600000)
  from space 7680K, 0% used [0x0000000787d80000,0x0000000787d80000,0x0000000788500000)
  to   space 7680K, 0% used [0x0000000787600000,0x0000000787600000,0x0000000787d80000)
 ParOldGen       total 103424K, used 16174K [0x0000000704400000, 0x000000070a900000, 0x0000000781700000)
  object space 103424K, 15% used [0x0000000704400000,0x00000007053cbab8,0x000000070a900000)
 Metaspace       used 23963K, capacity 24235K, committed 24576K, reserved 1071104K
  class space    used 2902K, capacity 3004K, committed 3072K, reserved 1048576K

Card table byte_map: [0x000001c6623c0000,0x000001c6629a0000] byte_map_base: 0x000001c65eb9e000

Marking Bits: (ParMarkBitMap*) 0x000000005cc5f7f0
 Begin Bits: [0x000001c662d90000, 0x000001c665c80000)
 End Bits:   [0x000001c665c80000, 0x000001c668b70000)

Polling page: 0x000001c651720000

CodeCache: size=245760Kb used=10796Kb max_used=10807Kb free=234963Kb
 bounds [0x000001c653000000, 0x000001c653aa0000, 0x000001c662000000]
 total_blobs=3922 nmethods=3325 adapters=508
 compilation: enabled

Compilation events (10 events):
Event: 2.516 Thread 0x000001c669bf0000 3324       3       java.nio.ByteBuffer::hasArray (20 bytes)
Event: 2.516 Thread 0x000001c669bf0000 nmethod 3324 0x000001c653a92bd0 code [0x000001c653a92d20, 0x000001c653a92f18]
Event: 2.516 Thread 0x000001c669bf0000 3326       3       sun.nio.cs.UTF_8::access$200 (8 bytes)
Event: 2.516 Thread 0x000001c669be8800 3328       4       java.util.Objects::equals (23 bytes)
Event: 2.516 Thread 0x000001c669bf0000 nmethod 3326 0x000001c653a92390 code [0x000001c653a92520, 0x000001c653a929c0]
Event: 2.516 Thread 0x000001c669bf0000 3327       3       sun.nio.cs.UTF_8::updatePositions (23 bytes)
Event: 2.516 Thread 0x000001c669bf0000 nmethod 3327 0x000001c653a91c50 code [0x000001c653a91de0, 0x000001c653a92220]
Event: 2.516 Thread 0x000001c669bf0000 3325       3       java.nio.CharBuffer::array (35 bytes)
Event: 2.517 Thread 0x000001c669bf0000 nmethod 3325 0x000001c653a8e190 code [0x000001c653a8e320, 0x000001c653a8e640]
Event: 2.517 Thread 0x000001c669be8800 nmethod 3328 0x000001c653a8c910 code [0x000001c653a8ca60, 0x000001c653a8cbd8]

GC Heap History (10 events):
Event: 0.369 GC heap before
{Heap before GC invocations=1 (full 0):
 PSYoungGen      total 56320K, used 48640K [0x0000000781700000, 0x0000000785580000, 0x00000007c0000000)
  eden space 48640K, 100% used [0x0000000781700000,0x0000000784680000,0x0000000784680000)
  from space 7680K, 0% used [0x0000000784e00000,0x0000000784e00000,0x0000000785580000)
  to   space 7680K, 0% used [0x0000000784680000,0x0000000784680000,0x0000000784e00000)
 ParOldGen       total 128512K, used 0K [0x0000000704400000, 0x000000070c180000, 0x0000000781700000)
  object space 128512K, 0% used [0x0000000704400000,0x0000000704400000,0x000000070c180000)
 Metaspace       used 8205K, capacity 8364K, committed 8448K, reserved 1056768K
  class space    used 907K, capacity 1000K, committed 1024K, reserved 1048576K
Event: 0.372 GC heap after
Heap after GC invocations=1 (full 0):
 PSYoungGen      total 56320K, used 7672K [0x0000000781700000, 0x0000000785580000, 0x00000007c0000000)
  eden space 48640K, 0% used [0x0000000781700000,0x0000000781700000,0x0000000784680000)
  from space 7680K, 99% used [0x0000000784680000,0x0000000784dfe2d0,0x0000000784e00000)
  to   space 7680K, 0% used [0x0000000784e00000,0x0000000784e00000,0x0000000785580000)
 ParOldGen       total 128512K, used 546K [0x0000000704400000, 0x000000070c180000, 0x0000000781700000)
  object space 128512K, 0% used [0x0000000704400000,0x0000000704488a10,0x000000070c180000)
 Metaspace       used 8205K, capacity 8364K, committed 8448K, reserved 1056768K
  class space    used 907K, capacity 1000K, committed 1024K, reserved 1048576K
}
Event: 0.656 GC heap before
{Heap before GC invocations=2 (full 0):
 PSYoungGen      total 56320K, used 56312K [0x0000000781700000, 0x0000000785580000, 0x00000007c0000000)
  eden space 48640K, 100% used [0x0000000781700000,0x0000000784680000,0x0000000784680000)
  from space 7680K, 99% used [0x0000000784680000,0x0000000784dfe2d0,0x0000000784e00000)
  to   space 7680K, 0% used [0x0000000784e00000,0x0000000784e00000,0x0000000785580000)
 ParOldGen       total 128512K, used 546K [0x0000000704400000, 0x000000070c180000, 0x0000000781700000)
  object space 128512K, 0% used [0x0000000704400000,0x0000000704488a10,0x000000070c180000)
 Metaspace       used 13518K, capacity 13720K, committed 14080K, reserved 1060864K
  class space    used 1671K, capacity 1738K, committed 1792K, reserved 1048576K
Event: 0.663 GC heap after
Heap after GC invocations=2 (full 0):
 PSYoungGen      total 56320K, used 7652K [0x0000000781700000, 0x0000000788500000, 0x00000007c0000000)
  eden space 48640K, 0% used [0x0000000781700000,0x0000000781700000,0x0000000784680000)
  from space 7680K, 99% used [0x0000000784e00000,0x00000007855791c0,0x0000000785580000)
  to   space 7680K, 0% used [0x0000000784680000,0x0000000784680000,0x0000000784e00000)
 ParOldGen       total 128512K, used 7049K [0x0000000704400000, 0x000000070c180000, 0x0000000781700000)
  object space 128512K, 5% used [0x0000000704400000,0x0000000704ae2630,0x000000070c180000)
 Metaspace       used 13518K, capacity 13720K, committed 14080K, reserved 1060864K
  class space    used 1671K, capacity 1738K, committed 1792K, reserved 1048576K
}
Event: 1.107 GC heap before
{Heap before GC invocations=3 (full 0):
 PSYoungGen      total 56320K, used 56292K [0x0000000781700000, 0x0000000788500000, 0x00000007c0000000)
  eden space 48640K, 100% used [0x0000000781700000,0x0000000784680000,0x0000000784680000)
  from space 7680K, 99% used [0x0000000784e00000,0x00000007855791c0,0x0000000785580000)
  to   space 7680K, 0% used [0x0000000784680000,0x0000000784680000,0x0000000784e00000)
 ParOldGen       total 128512K, used 7049K [0x0000000704400000, 0x000000070c180000, 0x0000000781700000)
  object space 128512K, 5% used [0x0000000704400000,0x0000000704ae2630,0x000000070c180000)
 Metaspace       used 19529K, capacity 19766K, committed 20096K, reserved 1067008K
  class space    used 2506K, capacity 2587K, committed 2688K, reserved 1048576K
Event: 1.114 GC heap after
Heap after GC invocations=3 (full 0):
 PSYoungGen      total 56320K, used 7648K [0x0000000781700000, 0x0000000788500000, 0x00000007c0000000)
  eden space 48640K, 0% used [0x0000000781700000,0x0000000781700000,0x0000000784680000)
  from space 7680K, 99% used [0x0000000784680000,0x0000000784df8040,0x0000000784e00000)
  to   space 7680K, 0% used [0x0000000787d80000,0x0000000787d80000,0x0000000788500000)
 ParOldGen       total 128512K, used 15882K [0x0000000704400000, 0x000000070c180000, 0x0000000781700000)
  object space 128512K, 12% used [0x0000000704400000,0x0000000705382a38,0x000000070c180000)
 Metaspace       used 19529K, capacity 19766K, committed 20096K, reserved 1067008K
  class space    used 2506K, capacity 2587K, committed 2688K, reserved 1048576K
}
Event: 1.318 GC heap before
{Heap before GC invocations=4 (full 0):
 PSYoungGen      total 56320K, used 29798K [0x0000000781700000, 0x0000000788500000, 0x00000007c0000000)
  eden space 48640K, 45% used [0x0000000781700000,0x0000000782ca1b48,0x0000000784680000)
  from space 7680K, 99% used [0x0000000784680000,0x0000000784df8040,0x0000000784e00000)
  to   space 7680K, 0% used [0x0000000787d80000,0x0000000787d80000,0x0000000788500000)
 ParOldGen       total 128512K, used 15882K [0x0000000704400000, 0x000000070c180000, 0x0000000781700000)
  object space 128512K, 12% used [0x0000000704400000,0x0000000705382a38,0x000000070c180000)
 Metaspace       used 20854K, capacity 21116K, committed 21248K, reserved 1067008K
  class space    used 2647K, capacity 2746K, committed 2816K, reserved 1048576K
Event: 1.326 GC heap after
Heap after GC invocations=4 (full 0):
 PSYoungGen      total 104960K, used 7673K [0x0000000781700000, 0x0000000788500000, 0x00000007c0000000)
  eden space 97280K, 0% used [0x0000000781700000,0x0000000781700000,0x0000000787600000)
  from space 7680K, 99% used [0x0000000787d80000,0x00000007884fe700,0x0000000788500000)
  to   space 7680K, 0% used [0x0000000787600000,0x0000000787600000,0x0000000787d80000)
 ParOldGen       total 128512K, used 18282K [0x0000000704400000, 0x000000070c180000, 0x0000000781700000)
  object space 128512K, 14% used [0x0000000704400000,0x00000007055daa78,0x000000070c180000)
 Metaspace       used 20854K, capacity 21116K, committed 21248K, reserved 1067008K
  class space    used 2647K, capacity 2746K, committed 2816K, reserved 1048576K
}
Event: 1.326 GC heap before
{Heap before GC invocations=5 (full 1):
 PSYoungGen      total 104960K, used 7673K [0x0000000781700000, 0x0000000788500000, 0x00000007c0000000)
  eden space 97280K, 0% used [0x0000000781700000,0x0000000781700000,0x0000000787600000)
  from space 7680K, 99% used [0x0000000787d80000,0x00000007884fe700,0x0000000788500000)
  to   space 7680K, 0% used [0x0000000787600000,0x0000000787600000,0x0000000787d80000)
 ParOldGen       total 128512K, used 18282K [0x0000000704400000, 0x000000070c180000, 0x0000000781700000)
  object space 128512K, 14% used [0x0000000704400000,0x00000007055daa78,0x000000070c180000)
 Metaspace       used 20854K, capacity 21116K, committed 21248K, reserved 1067008K
  class space    used 2647K, capacity 2746K, committed 2816K, reserved 1048576K
Event: 1.362 GC heap after
Heap after GC invocations=5 (full 1):
 PSYoungGen      total 104960K, used 0K [0x0000000781700000, 0x0000000788500000, 0x00000007c0000000)
  eden space 97280K, 0% used [0x0000000781700000,0x0000000781700000,0x0000000787600000)
  from space 7680K, 0% used [0x0000000787d80000,0x0000000787d80000,0x0000000788500000)
  to   space 7680K, 0% used [0x0000000787600000,0x0000000787600000,0x0000000787d80000)
 ParOldGen       total 103424K, used 16174K [0x0000000704400000, 0x000000070a900000, 0x0000000781700000)
  object space 103424K, 15% used [0x0000000704400000,0x00000007053cbab8,0x000000070a900000)
 Metaspace       used 20854K, capacity 21116K, committed 21248K, reserved 1067008K
  class space    used 2647K, capacity 2746K, committed 2816K, reserved 1048576K
}

Deoptimization events (10 events):
Event: 1.126 Thread 0x000001c651555800 Uncommon trap: reason=unstable_if action=reinterpret pc=0x000001c65372d2e8 method=java.util.HashMap.computeIfAbsent(Ljava/lang/Object;Ljava/util/function/Function;)Ljava/lang/Object; @ 44
Event: 1.137 Thread 0x000001c651555800 Uncommon trap: reason=class_check action=maybe_recompile pc=0x000001c6536e55c8 method=org.eclipse.xtext.nodemodel.impl.NodeModelBuilder.addChild(Lorg/eclipse/xtext/nodemodel/ICompositeNode;Lorg/eclipse/xtext/nodemodel/impl/AbstractNode;)V @ 6
Event: 1.140 Thread 0x000001c651555800 Uncommon trap: reason=class_check action=maybe_recompile pc=0x000001c6536e48cc method=org.eclipse.xtext.nodemodel.impl.NodeModelBuilder.addChild(Lorg/eclipse/xtext/nodemodel/ICompositeNode;Lorg/eclipse/xtext/nodemodel/impl/AbstractNode;)V @ 6
Event: 1.148 Thread 0x000001c651555800 Uncommon trap: reason=unstable_if action=reinterpret pc=0x000001c6537f8998 method=sun.nio.cs.UTF_8$Decoder.decodeArrayLoop(Ljava/nio/ByteBuffer;Ljava/nio/CharBuffer;)Ljava/nio/charset/CoderResult; @ 84
Event: 1.226 Thread 0x000001c651555800 Uncommon trap: reason=unstable_if action=reinterpret pc=0x000001c6534ee9d4 method=java.util.concurrent.ConcurrentHashMap.putVal(Ljava/lang/Object;Ljava/lang/Object;Z)Ljava/lang/Object; @ 181
Event: 1.433 Thread 0x000001c651555800 Uncommon trap: reason=unstable_if action=reinterpret pc=0x000001c6533506bc method=java.io.WinNTFileSystem.normalize(Ljava/lang/String;)Ljava/lang/String; @ 49
Event: 1.444 Thread 0x000001c651555800 Uncommon trap: reason=predicate action=maybe_recompile pc=0x000001c653446eec method=java.lang.String.regionMatches(ZILjava/lang/String;II)Z @ 63
Event: 1.532 Thread 0x000001c651555800 Uncommon trap: reason=unstable_if action=reinterpret pc=0x000001c653215cdc method=java.lang.ThreadLocal$ThreadLocalMap.getEntry(Ljava/lang/ThreadLocal;)Ljava/lang/ThreadLocal$ThreadLocalMap$Entry; @ 29
Event: 2.375 Thread 0x000001c66ea1b800 Uncommon trap: reason=null_check action=make_not_entrant pc=0x000001c65337b938 method=java.lang.StringCoding.deref(Ljava/lang/ThreadLocal;)Ljava/lang/Object; @ 4
Event: 2.469 Thread 0x000001c66ea1b800 Uncommon trap: reason=unstable_if action=reinterpret pc=0x000001c653a77ca0 method=java.lang.Integer.parseInt(Ljava/lang/String;I)I @ 122

Classes redefined (0 events):
No events

Internal exceptions (10 events):
Event: 1.294 Thread 0x000001c651555800 Exception <a 'java/lang/reflect/InvocationTargetException'> (0x00000007829437b8) thrown at [J:\jenkins\tmp\workspace\build\src\hotspot\src\share\vm\runtime\reflection.cpp, line 1092]
Event: 1.295 Thread 0x000001c651555800 Exception <a 'java/lang/reflect/InvocationTargetException'> (0x000000078295c770) thrown at [J:\jenkins\tmp\workspace\build\src\hotspot\src\share\vm\runtime\reflection.cpp, line 1092]
Event: 1.553 Thread 0x000001c651555800 Exception <a 'java/security/PrivilegedActionException'> (0x00000007821adb38) thrown at [J:\jenkins\tmp\workspace\build\src\hotspot\src\share\vm\prims\jvm.cpp, line 1514]
Event: 1.553 Thread 0x000001c651555800 Exception <a 'java/security/PrivilegedActionException'> (0x00000007821af068) thrown at [J:\jenkins\tmp\workspace\build\src\hotspot\src\share\vm\prims\jvm.cpp, line 1514]
Event: 1.553 Thread 0x000001c651555800 Exception <a 'java/security/PrivilegedActionException'> (0x00000007821b0498) thrown at [J:\jenkins\tmp\workspace\build\src\hotspot\src\share\vm\prims\jvm.cpp, line 1514]
Event: 1.553 Thread 0x000001c651555800 Exception <a 'java/security/PrivilegedActionException'> (0x00000007821b1b58) thrown at [J:\jenkins\tmp\workspace\build\src\hotspot\src\share\vm\prims\jvm.cpp, line 1514]
Event: 1.553 Thread 0x000001c651555800 Exception <a 'java/security/PrivilegedActionException'> (0x00000007821b2f50) thrown at [J:\jenkins\tmp\workspace\build\src\hotspot\src\share\vm\prims\jvm.cpp, line 1514]
Event: 1.553 Thread 0x000001c651555800 Exception <a 'java/security/PrivilegedActionException'> (0x00000007821b4318) thrown at [J:\jenkins\tmp\workspace\build\src\hotspot\src\share\vm\prims\jvm.cpp, line 1514]
Event: 2.375 Thread 0x000001c66ea1b800 Implicit null exception at 0x000001c65337b0cc to 0x000001c65337b91d
Event: 2.519 Thread 0x000001c66ebab000 Exception <a 'org/lwjgl/LWJGLException': Failed to set device gamma.> (0x0000000782ddf110) thrown at [J:\jenkins\tmp\workspace\build\src\hotspot\src\share\vm\prims\jni.cpp, line 736]

Events (10 events):
Event: 2.518 Thread 0x000001c66ea1b800 Thread exited: 0x000001c66ea1b800
Event: 2.518 loading class org/uqbar/project/wollok/interpreter/WollokInterpreter$3
Event: 2.518 loading class org/uqbar/project/wollok/interpreter/WollokInterpreter$3 done
Event: 2.518 loading class java/util/IdentityHashMap$KeyIterator
Event: 2.518 loading class java/util/IdentityHashMap$KeyIterator done
Event: 2.518 Thread 0x000001c66ebab000 Thread added: 0x000001c66ebab000
Event: 2.518 Thread 0x000001c66ea1b800 Thread added: 0x000001c66ea1b800
Event: 2.519 Thread 0x000001c66ea1b800 Thread exited: 0x000001c66ea1b800
Event: 2.519 Thread 0x000001c66ebab000 Thread exited: 0x000001c66ebab000
Event: 2.519 Executing VM operation: Exit


Dynamic libraries:
0x00007ff6891b0000 - 0x00007ff6891f5000 	C:\Program Files\Eclipse Adoptium\jdk-8.0.362.9-hotspot\bin\javaw.exe
0x00007ff81bb50000 - 0x00007ff81bd48000 	C:\Windows\SYSTEM32\ntdll.dll
0x00007ff81b5c0000 - 0x00007ff81b67f000 	C:\Windows\System32\KERNEL32.DLL
0x00007ff819330000 - 0x00007ff819626000 	C:\Windows\System32\KERNELBASE.dll
0x00007ff81b400000 - 0x00007ff81b4af000 	C:\Windows\System32\ADVAPI32.dll
0x00007ff819bb0000 - 0x00007ff819c4e000 	C:\Windows\System32\msvcrt.dll
0x00007ff81b850000 - 0x00007ff81b8ec000 	C:\Windows\System32\sechost.dll
0x00007ff81b950000 - 0x00007ff81ba76000 	C:\Windows\System32\RPCRT4.dll
0x00007ff81b6b0000 - 0x00007ff81b84d000 	C:\Windows\System32\USER32.dll
0x00007ff819300000 - 0x00007ff819322000 	C:\Windows\System32\win32u.dll
0x00007ff819c80000 - 0x00007ff819cac000 	C:\Windows\System32\GDI32.dll
0x00007ff819850000 - 0x00007ff819965000 	C:\Windows\System32\gdi32full.dll
0x00007ff819230000 - 0x00007ff8192cd000 	C:\Windows\System32\msvcp_win.dll
0x00007ff819ab0000 - 0x00007ff819bb0000 	C:\Windows\System32\ucrtbase.dll
0x00007ff807f50000 - 0x00007ff8081ea000 	C:\Windows\WinSxS\amd64_microsoft.windows.common-controls_6595b64144ccf1df_6.0.19041.1110_none_60b5254171f9507e\COMCTL32.dll
0x00007ff819c50000 - 0x00007ff819c80000 	C:\Windows\System32\IMM32.DLL
0x00007ff805280000 - 0x00007ff805295000 	C:\Program Files\Eclipse Adoptium\jdk-8.0.362.9-hotspot\jre\bin\vcruntime140.dll
0x00007fffda890000 - 0x00007fffda92b000 	C:\Program Files\Eclipse Adoptium\jdk-8.0.362.9-hotspot\jre\bin\msvcp140.dll
0x000000005c480000 - 0x000000005ccd8000 	C:\Program Files\Eclipse Adoptium\jdk-8.0.362.9-hotspot\jre\bin\server\jvm.dll
0x00007ff81a280000 - 0x00007ff81a288000 	C:\Windows\System32\PSAPI.DLL
0x00007ff811150000 - 0x00007ff811159000 	C:\Windows\SYSTEM32\WSOCK32.dll
0x00007ff81b0e0000 - 0x00007ff81b14b000 	C:\Windows\System32\WS2_32.dll
0x00007ff80c040000 - 0x00007ff80c04a000 	C:\Windows\SYSTEM32\VERSION.dll
0x00007ffff8a80000 - 0x00007ffff8aa7000 	C:\Windows\SYSTEM32\WINMM.dll
0x00007ff817a80000 - 0x00007ff817a92000 	C:\Windows\SYSTEM32\kernel.appcore.dll
0x00007ff807270000 - 0x00007ff807280000 	C:\Program Files\Eclipse Adoptium\jdk-8.0.362.9-hotspot\jre\bin\verify.dll
0x00007fffda220000 - 0x00007fffda24b000 	C:\Program Files\Eclipse Adoptium\jdk-8.0.362.9-hotspot\jre\bin\java.dll
0x00007fffea7d0000 - 0x00007fffea7e8000 	C:\Program Files\Eclipse Adoptium\jdk-8.0.362.9-hotspot\jre\bin\zip.dll
0x00007ff81a8b0000 - 0x00007ff81aff4000 	C:\Windows\System32\SHELL32.dll
0x00007ff817020000 - 0x00007ff8177b3000 	C:\Windows\SYSTEM32\windows.storage.dll
0x00007ff819d90000 - 0x00007ff81a0e4000 	C:\Windows\System32\combase.dll
0x00007ff818c90000 - 0x00007ff818cbe000 	C:\Windows\SYSTEM32\Wldp.dll
0x00007ff81b4b0000 - 0x00007ff81b55d000 	C:\Windows\System32\SHCORE.dll
0x00007ff81b560000 - 0x00007ff81b5b5000 	C:\Windows\System32\shlwapi.dll
0x00007ff819170000 - 0x00007ff81918f000 	C:\Windows\SYSTEM32\profapi.dll
0x0000000065580000 - 0x0000000065616000 	C:\Users\DELL\AppData\Local\Temp\libgdxDELL\12dfaa03\gdx64.dll
0x00007ff818be0000 - 0x00007ff818bf8000 	C:\Windows\SYSTEM32\CRYPTSP.dll
0x00007ff8182a0000 - 0x00007ff8182d4000 	C:\Windows\system32\rsaenh.dll
0x00007ff8192d0000 - 0x00007ff8192f7000 	C:\Windows\System32\bcrypt.dll
0x00007ff819130000 - 0x00007ff81915e000 	C:\Windows\SYSTEM32\USERENV.dll
0x00007ff819a20000 - 0x00007ff819aa2000 	C:\Windows\System32\bcryptprimitives.dll
0x00007ff818c00000 - 0x00007ff818c0c000 	C:\Windows\SYSTEM32\CRYPTBASE.dll
0x00007fffe9de0000 - 0x00007fffe9dfc000 	C:\Program Files\Eclipse Adoptium\jdk-8.0.362.9-hotspot\jre\bin\net.dll
0x00007ff8189f0000 - 0x00007ff818a5a000 	C:\Windows\system32\mswsock.dll
0x00007ff818690000 - 0x00007ff8186cc000 	C:\Windows\SYSTEM32\IPHLPAPI.DLL
0x00007ff81b680000 - 0x00007ff81b688000 	C:\Windows\System32\NSI.dll
0x00007ff80c1a0000 - 0x00007ff80c1b7000 	C:\Windows\SYSTEM32\dhcpcsvc6.DLL
0x00007ff80ca90000 - 0x00007ff80caad000 	C:\Windows\SYSTEM32\dhcpcsvc.DLL
0x00007ff8186e0000 - 0x00007ff8187ab000 	C:\Windows\SYSTEM32\DNSAPI.dll
0x00007fffe7280000 - 0x00007fffe7293000 	C:\Program Files\Eclipse Adoptium\jdk-8.0.362.9-hotspot\jre\bin\nio.dll
0x0000000180000000 - 0x0000000180053000 	C:\Users\DELL\AppData\Local\Temp\libgdxDELL\dc0f0009\lwjgl64.dll
0x00007ff8052c0000 - 0x00007ff8053e5000 	C:\Windows\SYSTEM32\OPENGL32.dll
0x00007ff809260000 - 0x00007ff80928c000 	C:\Windows\SYSTEM32\GLU32.dll
0x000001c670310000 - 0x000001c670374000 	C:\Users\DELL\AppData\Local\Temp\libgdxDELL\dc0f0009\OpenAL64.dll
0x00007ff81a150000 - 0x00007ff81a27a000 	C:\Windows\System32\ole32.dll
0x00007ff812c00000 - 0x00007ff812c9e000 	C:\Windows\system32\uxtheme.dll
0x00007ff81b350000 - 0x00007ff81b3f9000 	C:\Windows\System32\clbcatq.dll
0x00007fffda180000 - 0x00007fffda21c000 	C:\Windows\SYSTEM32\dsound.dll
0x00007ff818800000 - 0x00007ff81884b000 	C:\Windows\SYSTEM32\powrprof.dll
0x00007ff800770000 - 0x00007ff800796000 	C:\Windows\SYSTEM32\winmmbase.dll
0x00007ff818670000 - 0x00007ff818682000 	C:\Windows\SYSTEM32\UMPDC.dll
0x00007ff809e80000 - 0x00007ff809f05000 	C:\Windows\System32\MMDevApi.dll
0x00007ff818fe0000 - 0x00007ff81900c000 	C:\Windows\System32\DEVOBJ.dll
0x00007ff819630000 - 0x00007ff81967e000 	C:\Windows\System32\cfgmgr32.dll
0x00007ffff98e0000 - 0x00007ffff9a62000 	C:\Windows\SYSTEM32\AUDIOSES.DLL
0x00007ff81b150000 - 0x00007ff81b21d000 	C:\Windows\System32\OLEAUT32.dll
0x00007ff816690000 - 0x00007ff8166a4000 	C:\Windows\SYSTEM32\resourcepolicyclient.dll
0x00007ff810000000 - 0x00007ff8100ae000 	C:\Windows\SYSTEM32\mscms.dll
0x00007ff80ffb0000 - 0x00007ff80ffc1000 	C:\Windows\SYSTEM32\ColorAdapterClient.dll
0x00007ff81b220000 - 0x00007ff81b334000 	C:\Windows\System32\MSCTF.dll
0x00007ff80edf0000 - 0x00007ff80eef4000 	C:\Windows\System32\AppXDeploymentClient.dll
0x00007fffa61d0000 - 0x00007fffa71b0000 	C:\Windows\System32\DriverStore\FileRepository\iigd_dch.inf_amd64_ebf638e0a8a70542\igxelpicd64.dll
0x00007ff816980000 - 0x00007ff8169af000 	C:\Windows\system32\dwmapi.dll
0x00007ff817af0000 - 0x00007ff817be3000 	C:\Windows\system32\dxgi.dll
0x00007fffbc730000 - 0x00007fffbca17000 	C:\Windows\System32\DriverStore\FileRepository\iigd_dch.inf_amd64_ebf638e0a8a70542\igdml64.dll
0x00007ff808db0000 - 0x00007ff809177000 	C:\Windows\System32\DriverStore\FileRepository\iigd_dch.inf_amd64_ebf638e0a8a70542\igdgmm64.dll
0x00007ff809830000 - 0x00007ff80992a000 	C:\Windows\SYSTEM32\textinputframework.dll
0x00007ff8128d0000 - 0x00007ff8129c2000 	C:\Windows\System32\CoreMessaging.dll
0x00007ff8121f0000 - 0x00007ff81254e000 	C:\Windows\System32\CoreUIComponents.dll
0x00007ff8183e0000 - 0x00007ff818413000 	C:\Windows\SYSTEM32\ntmarta.dll
0x00007ff811210000 - 0x00007ff811364000 	C:\Windows\SYSTEM32\wintypes.dll
0x00007fffda0b0000 - 0x00007fffda0f3000 	C:\Windows\SYSTEM32\icm32.dll
0x00007ff800ea0000 - 0x00007ff804452000 	C:\Windows\System32\DriverStore\FileRepository\iigd_dch.inf_amd64_ebf638e0a8a70542\igc64.dll
0x00007ff816e30000 - 0x00007ff817014000 	C:\Windows\SYSTEM32\dbghelp.dll

VM Arguments:
jvm_args: -Duser.language=es_AR -Dfile.encoding=UTF-8 
java_command: org.uqbar.project.wollok.launch.WollokLauncher -requestsPort 0 -eventsPort 0 -folder -dontValidate -wf src/juego.wpgm -darkMode
java_class_path (initial): C:\Users\DELL\git\2023s1---tp-game-gta\bin;C:\POO\wollok-win32.win32.x86_64\plugins\com.ibm.icu_64.2.0.v20190507-1337.jar;C:\POO\wollok-win32.win32.x86_64\plugins\org.eclipse.xtext_2.20.0.v20191202-0915.jar;C:\POO\wollok-win32.win32.x86_64\plugins\org.eclipse.emf.ecore.xmi_2.16.0.v20190528-0725.jar;C:\POO\wollok-win32.win32.x86_64\plugins\org.eclipse.emf.ecore_2.20.0.v20190920-0401.jar;C:\POO\wollok-win32.win32.x86_64\plugins\org.eclipse.emf.common_2.17.0.v20190920-0401.jar;C:\POO\wollok-win32.win32.x86_64\plugins\org.antlr.runtime_3.2.0.v201101311130.jar;C:\POO\wollok-win32.win32.x86_64\plugins\com.google.inject_3.0.0.v201605172100.jar;C:\POO\wollok-win32.win32.x86_64\plugins\org.eclipse.emf.mwe.core_1.5.1.v20191121-1148.jar;C:\POO\wollok-win32.win32.x86_64\plugins\org.apache.commons.cli_1.2.0.v201404270220.jar;C:\POO\wollok-win32.win32.x86_64\plugins\org.eclipse.emf.mwe2.runtime_2.11.1.v20191121-1148.jar;C:\POO\wollok-win32.win32.x86_64\plugins\org.eclipse.emf.mwe.utils_1.5.1.v20191121-1148.jar;C:\POO\wollok-win32.win32.x86_64\plugins\org.eclipse.xtext.util_2.20.0.v20191202-0915.jar;C:\POO\wollok-win32.win32.x86_64\plugins\com.google.guava_27.1.0.v20190517-1946.jar;C:\POO\wollok-win32.win32.x86_64\plugins\javax.inject_1.0.0.v20091030.jar;C:\POO\wollok-win32.win32.x86_64\plugins\org.eclipse.xtext.generator_2.20.0.v20191202-0933.jar;C:\POO\wollok-win32.win32.x86_64\plugins\org.eclipse.xtext.xtext.generator_2.20.0.v20191202-0915.jar;C:\POO\wollok-win32.win32.x86_64\plugins\org.eclipse.xtext.xbase.lib_2.20.0.v20191202-0907.jar;C:\POO\wollok-win32.win32.x86_64\plugins\org.eclipse.emf.codegen.ecore_2.20.0.v20191012-0918.jar;C:\POO\wollok-win32.win32.x86_64\plugins\org.eclipse.emf.codegen_2.19.0.v20190821-1536.jar;C:\POO\wollok-win32.win32.x86_64\plugins\org.eclipse.xtend_2.2.0.v201605260315.jar;C:\POO\wollok-win32.win32.x86_64\plugins\org.eclipse.xpand_2.2.0.v201605260315.jar;C:\POO\wollok-win32.win32.x86_64\plugins\org.eclipse.xtend.typesys
Launcher Type: SUN_STANDARD

Environment Variables:
JAVA_HOME=C:\Program Files\Eclipse Adoptium\jdk-8.0.362.9-hotspot\
PATH=C:/POO/wollok-win32.win32.x86_64/jre/bin/server;C:/POO/wollok-win32.win32.x86_64/jre/bin;C:/POO/wollok-win32.win32.x86_64/jre/lib/amd64;C:\Program Files\Eclipse Adoptium\jdk-8.0.362.9-hotspot\bin;C:\Windows\system32;C:\Windows;C:\Windows\System32\Wbem;C:\Windows\System32\WindowsPowerShell\v1.0\;C:\Windows\System32\OpenSSH\;C:\Program Files\Git\cmd;C:\Program Files\dotnet\;C:\Program Files\nodejs\;C:\Users\DELL\AppData\Local\Microsoft\WindowsApps;;C:\Users\DELL\AppData\Local\Programs\Microsoft VS Code\bin;C:\Users\DELL\AppData\Roaming\npm;C:\POO\wollok-win32.win32.x86_64;
USERNAME=DELL
OS=Windows_NT
PROCESSOR_IDENTIFIER=Intel64 Family 6 Model 140 Stepping 1, GenuineIntel



---------------  S Y S T E M  ---------------

OS: Windows 10 , 64 bit Build 19041 (10.0.19041.2913)

CPU:total 8 (initial active 8) (4 cores per cpu, 2 threads per core) family 6 model 140 stepping 1, cmov, cx8, fxsr, mmx, sse, sse2, sse3, ssse3, sse4.1, sse4.2, popcnt, avx, avx2, aes, clmul, erms, 3dnowpref, lzcnt, ht, tsc, tscinvbit, bmi1, bmi2, adx

Memory: 4k page, physical 12299048k(4772572k free), swap 14199592k(2478236k free)

vm_info: OpenJDK 64-Bit Server VM (25.362-b09) for windows-amd64 JRE (1.8.0_362-b09), built on Jan 18 2023 17:11:58 by "jenkins" with MS VC++ 15.9 (VS2017)

time: Sun Jun 11 00:15:22 2023
timezone: Hora estándar de Argentina
elapsed time: 2.544715 seconds (0d 0h 0m 2s)

