#
# A fatal error has been detected by the Java Runtime Environment:
#
#  EXCEPTION_ACCESS_VIOLATION (0xc0000005) at pc=0x00007ffef2ae0851, pid=26660, tid=0x00000000000059e8
#
# JRE version: OpenJDK Runtime Environment (8.0_362-b09) (build 1.8.0_362-b09)
# Java VM: OpenJDK 64-Bit Server VM (25.362-b09 mixed mode windows-amd64 compressed oops)
# Problematic frame:
# C  [igxelpicd64.dll+0x260851]
#
# Failed to write core dump. Minidumps are not enabled by default on client versions of Windows
#
# If you would like to submit a bug report, please visit:
#   https://github.com/adoptium/adoptium-support/issues
#

---------------  T H R E A D  ---------------

Current thread (0x000002ac1d240800):  VMThread [stack: 0x000000bff8400000,0x000000bff8500000] [id=23016]

siginfo: ExceptionCode=0xc0000005, reading address 0x00000000000356f8

Registers:
RAX=0x000002ac2183b458, RBX=0x000002ac2183b920, RCX=0x0000000000000000, RDX=0x0000000000000000
RSP=0x000000bff84fe4c0, RBP=0x000002ac220ad070, RSI=0x000002ac2183b350, RDI=0x000002ac22878bf0
R8 =0x0000000000000014, R9 =0x0000000000000000, R10=0x0000000000000000, R11=0x0000000000000246
R12=0x0000000000000016, R13=0x0000000000000000, R14=0x0000000000000000, R15=0x0000000000000000
RIP=0x00007ffef2ae0851, EFLAGS=0x0000000000010202

Top of Stack: (sp=0x000000bff84fe4c0)
0x000000bff84fe4c0:   000002ac2223fea0 00007fff6935f070
0x000000bff84fe4d0:   000000bff84fe640 00007fff69ed0f34
0x000000bff84fe4e0:   000002ac04be0c50 000000bff84fe700
0x000000bff84fe4f0:   0000000000000001 00007fff69e4cb51
0x000000bff84fe500:   000002ac225b2638 0000000000086e16
0x000000bff84fe510:   0000000000000000 000000000000000f
0x000000bff84fe520:   0000000000000000 0000000000000000
0x000000bff84fe530:   000000bff84fe640 00007ffef28f3b7c
0x000000bff84fe540:   000002ac00000016 000002ac2223fea0
0x000000bff84fe550:   000002ac22878bf0 000000bff84fe700
0x000000bff84fe560:   000000bf00001374 0000b80219600000
0x000000bff84fe570:   0000000000000000 00000004f46857d4
0x000000bff84fe580:   00000000000004b4 000002ac04bd1c04
0x000000bff84fe590:   000000bf00000002 00007fff69e4c7bc
0x000000bff84fe5a0:   00003f8079cba09c 00007ffef2b0c69f
0x000000bff84fe5b0:   0000000000000000 000000bff84fe700 

Instructions: (pc=0x00007ffef2ae0851)
0x00007ffef2ae0831:   18 01 00 00 48 8d 04 d5 21 00 00 00 48 03 c2 48
0x00007ffef2ae0841:   8d 04 c6 48 85 c0 0f 84 70 01 00 00 48 8b 48 08
0x00007ffef2ae0851:   49 3b 8e f8 56 03 00 0f 87 e9 02 00 00 48 83 be
0x00007ffef2ae0861:   48 06 00 00 00 0f 85 29 49 72 00 44 8b 97 c8 01 


Register to memory mapping:

RAX=0x000002ac2183b458 is an unknown value
RBX=0x000002ac2183b920 is an unknown value
RCX=0x0000000000000000 is an unknown value
RDX=0x0000000000000000 is an unknown value
RSP=0x000000bff84fe4c0 is an unknown value
RBP=0x000002ac220ad070 is an unknown value
RSI=0x000002ac2183b350 is an unknown value
RDI=0x000002ac22878bf0 is an unknown value
R8 =0x0000000000000014 is an unknown value
R9 =0x0000000000000000 is an unknown value
R10=0x0000000000000000 is an unknown value
R11=0x0000000000000246 is an unknown value
R12=0x0000000000000016 is an unknown value
R13=0x0000000000000000 is an unknown value
R14=0x0000000000000000 is an unknown value
R15=0x0000000000000000 is an unknown value


Stack: [0x000000bff8400000,0x000000bff8500000],  sp=0x000000bff84fe4c0,  free space=1017k
Native frames: (J=compiled Java code, j=interpreted, Vv=VM code, C=native code)
C  [igxelpicd64.dll+0x260851]
C  [igxelpicd64.dll+0x73b7c]
C  [igxelpicd64.dll+0x2be5ef]
C  [igxelpicd64.dll+0x158f3e]
C  [igxelpicd64.dll+0x2ae92b]
C  [igxelpicd64.dll+0x2aeacb]
C  [igxelpicd64.dll+0x2aa61f]
C  [igxelpicd64.dll+0x2aa454]
C  [igxelpicd64.dll+0x780deb]
C  [ntdll.dll+0x19a1d]
C  [ntdll.dll+0x5dd3c]
C  [ntdll.dll+0x5dacd]
C  [KERNEL32.DLL+0x1e82b]
C  [ucrtbase.dll+0x205bc]
C  [ucrtbase.dll+0x2045f]
V  [jvm.dll+0x1e8ca5]
V  [jvm.dll+0x224426]
V  [jvm.dll+0x2249c4]
V  [jvm.dll+0x222f84]
V  [jvm.dll+0x22375f]
V  [jvm.dll+0x223a64]
V  [jvm.dll+0x26d31c]
C  [ucrtbase.dll+0x21bb2]
C  [KERNEL32.DLL+0x17614]
C  [ntdll.dll+0x526f1]

VM_Operation (0x000000bff7bfee70): Exit, mode: safepoint, requested by thread 0x000002ac04cd5800


---------------  P R O C E S S  ---------------

Java Threads: ( => current thread )
  0x000002ac22b8e000 JavaThread "LWJGL Timer" daemon [_thread_blocked, id=10788, stack(0x000000bff9800000,0x000000bff9900000)]
  0x000002ac2001f000 JavaThread "com.google.inject.internal.util.$Finalizer" daemon [_thread_blocked, id=7372, stack(0x000000bff9000000,0x000000bff9100000)]
  0x000002ac1fe4d800 JavaThread "EMF Reference Cleaner" daemon [_thread_blocked, id=4140, stack(0x000000bff8f00000,0x000000bff9000000)]
  0x000002ac1f170000 JavaThread "Service Thread" daemon [_thread_blocked, id=32176, stack(0x000000bff8d00000,0x000000bff8e00000)]
  0x000002ac1d2b0000 JavaThread "C1 CompilerThread3" daemon [_thread_blocked, id=26560, stack(0x000000bff8c00000,0x000000bff8d00000)]
  0x000002ac1d2ad000 JavaThread "C2 CompilerThread2" daemon [_thread_blocked, id=15752, stack(0x000000bff8b00000,0x000000bff8c00000)]
  0x000002ac1d2a8800 JavaThread "C2 CompilerThread1" daemon [_thread_blocked, id=23292, stack(0x000000bff8a00000,0x000000bff8b00000)]
  0x000002ac1d2a6800 JavaThread "C2 CompilerThread0" daemon [_thread_blocked, id=3720, stack(0x000000bff8900000,0x000000bff8a00000)]
  0x000002ac1d29f000 JavaThread "Attach Listener" daemon [_thread_blocked, id=22484, stack(0x000000bff8800000,0x000000bff8900000)]
  0x000002ac1d29e000 JavaThread "Signal Dispatcher" daemon [_thread_blocked, id=26312, stack(0x000000bff8700000,0x000000bff8800000)]
  0x000002ac1d279800 JavaThread "Finalizer" daemon [_thread_blocked, id=25580, stack(0x000000bff8600000,0x000000bff8700000)]
  0x000002ac1d26b000 JavaThread "Reference Handler" daemon [_thread_blocked, id=11648, stack(0x000000bff8500000,0x000000bff8600000)]
  0x000002ac04cd5800 JavaThread "main" [_thread_blocked, id=15404, stack(0x000000bff7b00000,0x000000bff7c00000)]

Other Threads:
=>0x000002ac1d240800 VMThread [stack: 0x000000bff8400000,0x000000bff8500000] [id=23016]

VM state:at safepoint (shutting down)

VM Mutex/Monitor currently owned by a thread:  ([mutex/lock_event])
[0x000002ac04cbec60] Threads_lock - owner thread: 0x000002ac1d240800

heap address: 0x0000000704400000, size: 3004 MB, Compressed Oops mode: Zero based, Oop shift amount: 3
Narrow klass base: 0x0000000000000000, Narrow klass shift: 3
Compressed class space size: 1073741824 Address: 0x00000007c0000000

Heap:
 PSYoungGen      total 121344K, used 115456K [0x0000000781700000, 0x000000078c380000, 0x00000007c0000000)
  eden space 120832K, 95% used [0x0000000781700000,0x0000000788780098,0x0000000788d00000)
  from space 512K, 50% used [0x000000078c300000,0x000000078c340000,0x000000078c380000)
  to   space 4096K, 0% used [0x000000078bb80000,0x000000078bb80000,0x000000078bf80000)
 ParOldGen       total 103936K, used 18566K [0x0000000704400000, 0x000000070a980000, 0x0000000781700000)
  object space 103936K, 17% used [0x0000000704400000,0x0000000705621a98,0x000000070a980000)
 Metaspace       used 25113K, capacity 25505K, committed 25600K, reserved 1071104K
  class space    used 2960K, capacity 3061K, committed 3072K, reserved 1048576K

Card table byte_map: [0x000002ac15a40000,0x000002ac16020000] byte_map_base: 0x000002ac1221e000

Marking Bits: (ParMarkBitMap*) 0x000000006867f7f0
 Begin Bits: [0x000002ac16410000, 0x000002ac19300000)
 End Bits:   [0x000002ac19300000, 0x000002ac1c1f0000)

Polling page: 0x000002ac06650000

CodeCache: size=245760Kb used=13909Kb max_used=16388Kb free=231851Kb
 bounds [0x000002ac06680000, 0x000002ac076d0000, 0x000002ac15680000]
 total_blobs=4605 nmethods=4007 adapters=509
 compilation: enabled

Compilation events (10 events):
Event: 57.645 Thread 0x000002ac1d2b0000 5075       3       java.nio.ByteBuffer::hasArray (20 bytes)
Event: 57.645 Thread 0x000002ac1d2b0000 nmethod 5075 0x000002ac06abf210 code [0x000002ac06abf360, 0x000002ac06abf558]
Event: 57.645 Thread 0x000002ac1d2b0000 5074   !   3       java.nio.CharBuffer::wrap (20 bytes)
Event: 57.645 Thread 0x000002ac1d2b0000 nmethod 5074 0x000002ac06971850 code [0x000002ac069719e0, 0x000002ac06971dc0]
Event: 57.645 Thread 0x000002ac1d2b0000 5076       3       java.nio.CharBuffer::array (35 bytes)
Event: 57.646 Thread 0x000002ac1d2b0000 nmethod 5076 0x000002ac07400490 code [0x000002ac07400620, 0x000002ac07400940]
Event: 57.646 Thread 0x000002ac1d2b0000 5077       3       sun.nio.cs.UTF_8::access$200 (8 bytes)
Event: 57.646 Thread 0x000002ac1d2b0000 nmethod 5077 0x000002ac06ba4250 code [0x000002ac06ba43e0, 0x000002ac06ba4880]
Event: 57.646 Thread 0x000002ac1d2b0000 5078       3       sun.nio.cs.UTF_8::updatePositions (23 bytes)
Event: 57.646 Thread 0x000002ac1d2b0000 nmethod 5078 0x000002ac06fe8ad0 code [0x000002ac06fe8c60, 0x000002ac06fe90a0]

GC Heap History (10 events):
Event: 54.355 GC heap before
{Heap before GC invocations=37 (full 1):
 PSYoungGen      total 145920K, used 140608K [0x0000000781700000, 0x000000078d000000, 0x00000007c0000000)
  eden space 140288K, 100% used [0x0000000781700000,0x000000078a000000,0x000000078a000000)
  from space 5632K, 5% used [0x000000078c500000,0x000000078c550000,0x000000078ca80000)
  to   space 5632K, 0% used [0x000000078ca80000,0x000000078ca80000,0x000000078d000000)
 ParOldGen       total 103936K, used 18326K [0x0000000704400000, 0x000000070a980000, 0x0000000781700000)
  object space 103936K, 17% used [0x0000000704400000,0x00000007055e5a98,0x000000070a980000)
 Metaspace       used 24998K, capacity 25441K, committed 25600K, reserved 1071104K
  class space    used 2945K, capacity 3061K, committed 3072K, reserved 1048576K
Event: 54.358 GC heap after
Heap after GC invocations=37 (full 1):
 PSYoungGen      total 136704K, used 352K [0x0000000781700000, 0x000000078cb00000, 0x00000007c0000000)
  eden space 136192K, 0% used [0x0000000781700000,0x0000000781700000,0x0000000789c00000)
  from space 512K, 68% used [0x000000078ca80000,0x000000078cad8000,0x000000078cb00000)
  to   space 5120K, 0% used [0x000000078c100000,0x000000078c100000,0x000000078c600000)
 ParOldGen       total 103936K, used 18398K [0x0000000704400000, 0x000000070a980000, 0x0000000781700000)
  object space 103936K, 17% used [0x0000000704400000,0x00000007055f7a98,0x000000070a980000)
 Metaspace       used 24998K, capacity 25441K, committed 25600K, reserved 1071104K
  class space    used 2945K, capacity 3061K, committed 3072K, reserved 1048576K
}
Event: 55.081 GC heap before
{Heap before GC invocations=38 (full 1):
 PSYoungGen      total 136704K, used 136544K [0x0000000781700000, 0x000000078cb00000, 0x00000007c0000000)
  eden space 136192K, 100% used [0x0000000781700000,0x0000000789c00000,0x0000000789c00000)
  from space 512K, 68% used [0x000000078ca80000,0x000000078cad8000,0x000000078cb00000)
  to   space 5120K, 0% used [0x000000078c100000,0x000000078c100000,0x000000078c600000)
 ParOldGen       total 103936K, used 18398K [0x0000000704400000, 0x000000070a980000, 0x0000000781700000)
  object space 103936K, 17% used [0x0000000704400000,0x00000007055f7a98,0x000000070a980000)
 Metaspace       used 24999K, capacity 25441K, committed 25600K, reserved 1071104K
  class space    used 2945K, capacity 3061K, committed 3072K, reserved 1048576K
Event: 55.083 GC heap after
Heap after GC invocations=38 (full 1):
 PSYoungGen      total 137216K, used 288K [0x0000000781700000, 0x000000078cb00000, 0x00000007c0000000)
  eden space 132096K, 0% used [0x0000000781700000,0x0000000781700000,0x0000000789800000)
  from space 5120K, 5% used [0x000000078c100000,0x000000078c148000,0x000000078c600000)
  to   space 4608K, 0% used [0x000000078c680000,0x000000078c680000,0x000000078cb00000)
 ParOldGen       total 103936K, used 18430K [0x0000000704400000, 0x000000070a980000, 0x0000000781700000)
  object space 103936K, 17% used [0x0000000704400000,0x00000007055ffa98,0x000000070a980000)
 Metaspace       used 24999K, capacity 25441K, committed 25600K, reserved 1071104K
  class space    used 2945K, capacity 3061K, committed 3072K, reserved 1048576K
}
Event: 55.812 GC heap before
{Heap before GC invocations=39 (full 1):
 PSYoungGen      total 137216K, used 132384K [0x0000000781700000, 0x000000078cb00000, 0x00000007c0000000)
  eden space 132096K, 100% used [0x0000000781700000,0x0000000789800000,0x0000000789800000)
  from space 5120K, 5% used [0x000000078c100000,0x000000078c148000,0x000000078c600000)
  to   space 4608K, 0% used [0x000000078c680000,0x000000078c680000,0x000000078cb00000)
 ParOldGen       total 103936K, used 18430K [0x0000000704400000, 0x000000070a980000, 0x0000000781700000)
  object space 103936K, 17% used [0x0000000704400000,0x00000007055ffa98,0x000000070a980000)
 Metaspace       used 25000K, capacity 25441K, committed 25600K, reserved 1071104K
  class space    used 2945K, capacity 3061K, committed 3072K, reserved 1048576K
Event: 55.814 GC heap after
Heap after GC invocations=39 (full 1):
 PSYoungGen      total 128512K, used 320K [0x0000000781700000, 0x000000078c700000, 0x00000007c0000000)
  eden space 128000K, 0% used [0x0000000781700000,0x0000000781700000,0x0000000789400000)
  from space 512K, 62% used [0x000000078c680000,0x000000078c6d0000,0x000000078c700000)
  to   space 4608K, 0% used [0x000000078be00000,0x000000078be00000,0x000000078c280000)
 ParOldGen       total 103936K, used 18494K [0x0000000704400000, 0x000000070a980000, 0x0000000781700000)
  object space 103936K, 17% used [0x0000000704400000,0x000000070560fa98,0x000000070a980000)
 Metaspace       used 25000K, capacity 25441K, committed 25600K, reserved 1071104K
  class space    used 2945K, capacity 3061K, committed 3072K, reserved 1048576K
}
Event: 56.492 GC heap before
{Heap before GC invocations=40 (full 1):
 PSYoungGen      total 128512K, used 128320K [0x0000000781700000, 0x000000078c700000, 0x00000007c0000000)
  eden space 128000K, 100% used [0x0000000781700000,0x0000000789400000,0x0000000789400000)
  from space 512K, 62% used [0x000000078c680000,0x000000078c6d0000,0x000000078c700000)
  to   space 4608K, 0% used [0x000000078be00000,0x000000078be00000,0x000000078c280000)
 ParOldGen       total 103936K, used 18494K [0x0000000704400000, 0x000000070a980000, 0x0000000781700000)
  object space 103936K, 17% used [0x0000000704400000,0x000000070560fa98,0x000000070a980000)
 Metaspace       used 25000K, capacity 25441K, committed 25600K, reserved 1071104K
  class space    used 2945K, capacity 3061K, committed 3072K, reserved 1048576K
Event: 56.494 GC heap after
Heap after GC invocations=40 (full 1):
 PSYoungGen      total 129024K, used 288K [0x0000000781700000, 0x000000078c700000, 0x00000007c0000000)
  eden space 124416K, 0% used [0x0000000781700000,0x0000000781700000,0x0000000789080000)
  from space 4608K, 6% used [0x000000078be00000,0x000000078be48000,0x000000078c280000)
  to   space 4096K, 0% used [0x000000078c300000,0x000000078c300000,0x000000078c700000)
 ParOldGen       total 103936K, used 18518K [0x0000000704400000, 0x000000070a980000, 0x0000000781700000)
  object space 103936K, 17% used [0x0000000704400000,0x0000000705615a98,0x000000070a980000)
 Metaspace       used 25000K, capacity 25441K, committed 25600K, reserved 1071104K
  class space    used 2945K, capacity 3061K, committed 3072K, reserved 1048576K
}
Event: 57.146 GC heap before
{Heap before GC invocations=41 (full 1):
 PSYoungGen      total 129024K, used 124704K [0x0000000781700000, 0x000000078c700000, 0x00000007c0000000)
  eden space 124416K, 100% used [0x0000000781700000,0x0000000789080000,0x0000000789080000)
  from space 4608K, 6% used [0x000000078be00000,0x000000078be48000,0x000000078c280000)
  to   space 4096K, 0% used [0x000000078c300000,0x000000078c300000,0x000000078c700000)
 ParOldGen       total 103936K, used 18518K [0x0000000704400000, 0x000000070a980000, 0x0000000781700000)
  object space 103936K, 17% used [0x0000000704400000,0x0000000705615a98,0x000000070a980000)
 Metaspace       used 25000K, capacity 25441K, committed 25600K, reserved 1071104K
  class space    used 2945K, capacity 3061K, committed 3072K, reserved 1048576K
Event: 57.148 GC heap after
Heap after GC invocations=41 (full 1):
 PSYoungGen      total 121344K, used 256K [0x0000000781700000, 0x000000078c380000, 0x00000007c0000000)
  eden space 120832K, 0% used [0x0000000781700000,0x0000000781700000,0x0000000788d00000)
  from space 512K, 50% used [0x000000078c300000,0x000000078c340000,0x000000078c380000)
  to   space 4096K, 0% used [0x000000078bb80000,0x000000078bb80000,0x000000078bf80000)
 ParOldGen       total 103936K, used 18566K [0x0000000704400000, 0x000000070a980000, 0x0000000781700000)
  object space 103936K, 17% used [0x0000000704400000,0x0000000705621a98,0x000000070a980000)
 Metaspace       used 25000K, capacity 25441K, committed 25600K, reserved 1071104K
  class space    used 2945K, capacity 3061K, committed 3072K, reserved 1048576K
}

Deoptimization events (10 events):
Event: 57.605 Thread 0x000002ac2245f000 Uncommon trap: reason=unstable_if action=reinterpret pc=0x000002ac06a89468 method=com.badlogic.gdx.utils.Array.ensureCapacity(I)[Ljava/lang/Object; @ 13
Event: 57.606 Thread 0x000002ac2245f000 Uncommon trap: reason=unstable_if action=reinterpret pc=0x000002ac068c706c method=com.badlogic.gdx.graphics.g2d.BitmapFontCache.requirePageGlyphs(II)V @ 84
Event: 57.606 Thread 0x000002ac2245f000 Uncommon trap: reason=unstable_if action=reinterpret pc=0x000002ac07614a44 method=org.uqbar.project.wollok.interpreter.core.WollokObject.call(Ljava/lang/String;[Lorg/uqbar/project/wollok/interpreter/core/WollokObject;)Lorg/uqbar/project/wollok/interpreter
Event: 57.606 Thread 0x000002ac2245f000 Uncommon trap: reason=class_check action=maybe_recompile pc=0x000002ac0712769c method=org.uqbar.project.wollok.interpreter.nativeobj.WollokJavaConversions.convertJavaToWollok(Ljava/lang/Object;)Lorg/uqbar/project/wollok/interpreter/core/WollokObject; @ 98
Event: 57.607 Thread 0x000002ac2245f000 Uncommon trap: reason=class_check action=maybe_recompile pc=0x000002ac0744165c method=org.uqbar.project.wollok.interpreter.WollokInterpreter.eval(Lorg/eclipse/emf/ecore/EObject;)Lorg/uqbar/project/wollok/interpreter/core/WollokObject; @ 79
Event: 57.607 Thread 0x000002ac2245f000 Uncommon trap: reason=class_check action=maybe_recompile pc=0x000002ac0744165c method=org.uqbar.project.wollok.interpreter.WollokInterpreter.eval(Lorg/eclipse/emf/ecore/EObject;)Lorg/uqbar/project/wollok/interpreter/core/WollokObject; @ 79
Event: 57.607 Thread 0x000002ac2245f000 Uncommon trap: reason=class_check action=maybe_recompile pc=0x000002ac07623344 method=org.uqbar.project.wollok.interpreter.threads.WThread.performOnStack(Lorg/eclipse/emf/ecore/EObject;Lorg/uqbar/project/wollok/interpreter/context/EvaluationContext;Lorg/e
Event: 57.607 Thread 0x000002ac2245f000 Uncommon trap: reason=class_check action=maybe_recompile pc=0x000002ac0744165c method=org.uqbar.project.wollok.interpreter.WollokInterpreter.eval(Lorg/eclipse/emf/ecore/EObject;)Lorg/uqbar/project/wollok/interpreter/core/WollokObject; @ 79
Event: 57.607 Thread 0x000002ac2245f000 Uncommon trap: reason=class_check action=maybe_recompile pc=0x000002ac076017a4 method=org.uqbar.project.wollok.interpreter.threads.WThread.performOnStack(Lorg/eclipse/emf/ecore/EObject;Lorg/uqbar/project/wollok/interpreter/context/EvaluationContext;Lorg/e
Event: 57.644 Thread 0x000002ac2245f000 Uncommon trap: reason=unstable_if action=reinterpret pc=0x000002ac0745f9d4 method=java.util.HashMap$HashIterator.<init>(Ljava/util/HashMap;)V @ 45

Classes redefined (0 events):
No events

Internal exceptions (10 events):
Event: 1.659 Thread 0x000002ac04cd5800 Exception <a 'java/security/PrivilegedActionException'> (0x0000000782099618) thrown at [J:\jenkins\tmp\workspace\build\src\hotspot\src\share\vm\prims\jvm.cpp, line 1514]
Event: 1.659 Thread 0x000002ac04cd5800 Exception <a 'java/security/PrivilegedActionException'> (0x000000078209a9e0) thrown at [J:\jenkins\tmp\workspace\build\src\hotspot\src\share\vm\prims\jvm.cpp, line 1514]
Event: 2.504 Thread 0x000002ac2245f000 Implicit null exception at 0x000002ac06a05dcc to 0x000002ac06a06639
Event: 4.527 Thread 0x000002ac2245f000 Exception <a 'java/io/FileNotFoundException'> (0x0000000783506098) thrown at [J:\jenkins\tmp\workspace\build\src\hotspot\src\share\vm\prims\jni.cpp, line 709]
Event: 4.567 Thread 0x000002ac2245f000 Implicit null exception at 0x000002ac0717a9ca to 0x000002ac0717aefc
Event: 4.575 Thread 0x000002ac2245f000 Implicit null exception at 0x000002ac07168acc to 0x000002ac07168ce4
Event: 4.749 Thread 0x000002ac2245f000 Exception <a 'java/io/FileNotFoundException'> (0x00000007845ed6c0) thrown at [J:\jenkins\tmp\workspace\build\src\hotspot\src\share\vm\prims\jni.cpp, line 709]
Event: 8.591 Thread 0x000002ac2245f000 Implicit null exception at 0x000002ac0739ca3b to 0x000002ac0739cb4d
Event: 25.604 Thread 0x000002ac2245f000 Implicit null exception at 0x000002ac074d9d50 to 0x000002ac074dde55
Event: 57.647 Thread 0x000002ac22ef4800 Exception <a 'org/lwjgl/LWJGLException': Failed to set device gamma.> (0x00000007882c7bf0) thrown at [J:\jenkins\tmp\workspace\build\src\hotspot\src\share\vm\prims\jni.cpp, line 736]

Events (10 events):
Event: 57.645 Thread 0x000002ac2245f000 Thread exited: 0x000002ac2245f000
Event: 57.646 loading class org/uqbar/project/wollok/interpreter/WollokInterpreter$3
Event: 57.646 loading class org/uqbar/project/wollok/interpreter/WollokInterpreter$3 done
Event: 57.646 loading class java/util/IdentityHashMap$KeyIterator
Event: 57.646 loading class java/util/IdentityHashMap$KeyIterator done
Event: 57.646 Thread 0x000002ac22ef4800 Thread added: 0x000002ac22ef4800
Event: 57.646 Thread 0x000002ac221da800 Thread added: 0x000002ac221da800
Event: 57.647 Thread 0x000002ac221da800 Thread exited: 0x000002ac221da800
Event: 57.647 Thread 0x000002ac22ef4800 Thread exited: 0x000002ac22ef4800
Event: 57.647 Executing VM operation: Exit


Dynamic libraries:
0x00007ff625910000 - 0x00007ff625955000 	C:\Program Files\Eclipse Adoptium\jdk-8.0.362.9-hotspot\bin\javaw.exe
0x00007fff69e30000 - 0x00007fff6a028000 	C:\Windows\SYSTEM32\ntdll.dll
0x00007fff690f0000 - 0x00007fff691af000 	C:\Windows\System32\KERNEL32.DLL
0x00007fff67650000 - 0x00007fff67946000 	C:\Windows\System32\KERNELBASE.dll
0x00007fff696d0000 - 0x00007fff6977f000 	C:\Windows\System32\ADVAPI32.dll
0x00007fff69cf0000 - 0x00007fff69d8e000 	C:\Windows\System32\msvcrt.dll
0x00007fff69050000 - 0x00007fff690ec000 	C:\Windows\System32\sechost.dll
0x00007fff68a30000 - 0x00007fff68b56000 	C:\Windows\System32\RPCRT4.dll
0x00007fff692d0000 - 0x00007fff6946d000 	C:\Windows\System32\USER32.dll
0x00007fff67e60000 - 0x00007fff67e82000 	C:\Windows\System32\win32u.dll
0x00007fff68a00000 - 0x00007fff68a2c000 	C:\Windows\System32\GDI32.dll
0x00007fff67ab0000 - 0x00007fff67bc5000 	C:\Windows\System32\gdi32full.dll
0x00007fff675b0000 - 0x00007fff6764d000 	C:\Windows\System32\msvcp_win.dll
0x00007fff67bd0000 - 0x00007fff67cd0000 	C:\Windows\System32\ucrtbase.dll
0x00007fff504e0000 - 0x00007fff5077a000 	C:\Windows\WinSxS\amd64_microsoft.windows.common-controls_6595b64144ccf1df_6.0.19041.1110_none_60b5254171f9507e\COMCTL32.dll
0x00007fff691b0000 - 0x00007fff691e0000 	C:\Windows\System32\IMM32.DLL
0x00007fff5f130000 - 0x00007fff5f145000 	C:\Program Files\Eclipse Adoptium\jdk-8.0.362.9-hotspot\jre\bin\vcruntime140.dll
0x00007fff4f6e0000 - 0x00007fff4f77b000 	C:\Program Files\Eclipse Adoptium\jdk-8.0.362.9-hotspot\jre\bin\msvcp140.dll
0x0000000067ea0000 - 0x00000000686f8000 	C:\Program Files\Eclipse Adoptium\jdk-8.0.362.9-hotspot\jre\bin\server\jvm.dll
0x00007fff685e0000 - 0x00007fff685e8000 	C:\Windows\System32\PSAPI.DLL
0x00007fff57f60000 - 0x00007fff57f6a000 	C:\Windows\SYSTEM32\VERSION.dll
0x00007fff573b0000 - 0x00007fff573b9000 	C:\Windows\SYSTEM32\WSOCK32.dll
0x00007fff68b70000 - 0x00007fff68bdb000 	C:\Windows\System32\WS2_32.dll
0x00007fff453c0000 - 0x00007fff453e7000 	C:\Windows\SYSTEM32\WINMM.dll
0x00007fff65d50000 - 0x00007fff65d62000 	C:\Windows\SYSTEM32\kernel.appcore.dll
0x00007fff5e760000 - 0x00007fff5e770000 	C:\Program Files\Eclipse Adoptium\jdk-8.0.362.9-hotspot\jre\bin\verify.dll
0x00007fff4fec0000 - 0x00007fff4feeb000 	C:\Program Files\Eclipse Adoptium\jdk-8.0.362.9-hotspot\jre\bin\java.dll
0x00007fff5e740000 - 0x00007fff5e758000 	C:\Program Files\Eclipse Adoptium\jdk-8.0.362.9-hotspot\jre\bin\zip.dll
0x00007fff67e90000 - 0x00007fff685d4000 	C:\Windows\System32\SHELL32.dll
0x00007fff652f0000 - 0x00007fff65a83000 	C:\Windows\SYSTEM32\windows.storage.dll
0x00007fff69990000 - 0x00007fff69ce4000 	C:\Windows\System32\combase.dll
0x00007fff66f60000 - 0x00007fff66f8e000 	C:\Windows\SYSTEM32\Wldp.dll
0x00007fff687a0000 - 0x00007fff6884d000 	C:\Windows\System32\SHCORE.dll
0x00007fff69270000 - 0x00007fff692c5000 	C:\Windows\System32\shlwapi.dll
0x00007fff67450000 - 0x00007fff6746f000 	C:\Windows\SYSTEM32\profapi.dll
0x0000000065580000 - 0x0000000065616000 	C:\Users\DELL\AppData\Local\Temp\libgdxDELL\12dfaa03\gdx64.dll
0x00007fff66eb0000 - 0x00007fff66ec8000 	C:\Windows\SYSTEM32\CRYPTSP.dll
0x00007fff66570000 - 0x00007fff665a4000 	C:\Windows\system32\rsaenh.dll
0x00007fff67580000 - 0x00007fff675a7000 	C:\Windows\System32\bcrypt.dll
0x00007fff673d0000 - 0x00007fff673fe000 	C:\Windows\SYSTEM32\USERENV.dll
0x00007fff67cd0000 - 0x00007fff67d52000 	C:\Windows\System32\bcryptprimitives.dll
0x00007fff66ed0000 - 0x00007fff66edc000 	C:\Windows\SYSTEM32\CRYPTBASE.dll
0x00007fff5cdc0000 - 0x00007fff5cddc000 	C:\Program Files\Eclipse Adoptium\jdk-8.0.362.9-hotspot\jre\bin\net.dll
0x00007fff66cc0000 - 0x00007fff66d2a000 	C:\Windows\system32\mswsock.dll
0x00007fff66960000 - 0x00007fff6699c000 	C:\Windows\SYSTEM32\IPHLPAPI.DLL
0x00007fff68b60000 - 0x00007fff68b68000 	C:\Windows\System32\NSI.dll
0x00007fff57950000 - 0x00007fff57967000 	C:\Windows\SYSTEM32\dhcpcsvc6.DLL
0x00007fff5b120000 - 0x00007fff5b13d000 	C:\Windows\SYSTEM32\dhcpcsvc.DLL
0x00007fff669a0000 - 0x00007fff66a6a000 	C:\Windows\SYSTEM32\DNSAPI.dll
0x00007fff4fea0000 - 0x00007fff4feb3000 	C:\Program Files\Eclipse Adoptium\jdk-8.0.362.9-hotspot\jre\bin\nio.dll
0x0000000180000000 - 0x0000000180053000 	C:\Users\DELL\AppData\Local\Temp\libgdxDELL\dc0f0009\lwjgl64.dll
0x00007fff36a30000 - 0x00007fff36b55000 	C:\Windows\SYSTEM32\OPENGL32.dll
0x00007fff38fe0000 - 0x00007fff3900c000 	C:\Windows\SYSTEM32\GLU32.dll
0x000002ac23d90000 - 0x000002ac23df4000 	C:\Users\DELL\AppData\Local\Temp\libgdxDELL\dc0f0009\OpenAL64.dll
0x00007fff69860000 - 0x00007fff6998a000 	C:\Windows\System32\ole32.dll
0x00007fff60ed0000 - 0x00007fff60f6e000 	C:\Windows\system32\uxtheme.dll
0x00007fff686d0000 - 0x00007fff68779000 	C:\Windows\System32\clbcatq.dll
0x00007fff4f210000 - 0x00007fff4f2ac000 	C:\Windows\SYSTEM32\dsound.dll
0x00007fff66ad0000 - 0x00007fff66b1b000 	C:\Windows\SYSTEM32\powrprof.dll
0x00007fff4d4b0000 - 0x00007fff4d4d6000 	C:\Windows\SYSTEM32\winmmbase.dll
0x00007fff66940000 - 0x00007fff66952000 	C:\Windows\SYSTEM32\UMPDC.dll
0x00007fff5c190000 - 0x00007fff5c215000 	C:\Windows\System32\MMDevApi.dll
0x00007fff672c0000 - 0x00007fff672ec000 	C:\Windows\System32\DEVOBJ.dll
0x00007fff67d60000 - 0x00007fff67dae000 	C:\Windows\System32\cfgmgr32.dll
0x00007fff5c220000 - 0x00007fff5c3a2000 	C:\Windows\SYSTEM32\AUDIOSES.DLL
0x00007fff69780000 - 0x00007fff6984d000 	C:\Windows\System32\OLEAUT32.dll
0x00007fff64970000 - 0x00007fff64984000 	C:\Windows\SYSTEM32\resourcepolicyclient.dll
0x00007fff5d410000 - 0x00007fff5d4be000 	C:\Windows\SYSTEM32\mscms.dll
0x00007fff5d3f0000 - 0x00007fff5d401000 	C:\Windows\SYSTEM32\ColorAdapterClient.dll
0x00007fff69470000 - 0x00007fff69584000 	C:\Windows\System32\MSCTF.dll
0x00007ffef2880000 - 0x00007ffef3860000 	C:\Windows\System32\DriverStore\FileRepository\iigd_dch.inf_amd64_ebf638e0a8a70542\igxelpicd64.dll
0x00007fff64a70000 - 0x00007fff64a9f000 	C:\Windows\system32\dwmapi.dll
0x00007fff65dc0000 - 0x00007fff65eb3000 	C:\Windows\system32\dxgi.dll
0x00007fff2b300000 - 0x00007fff2b5e7000 	C:\Windows\System32\DriverStore\FileRepository\iigd_dch.inf_amd64_ebf638e0a8a70542\igdml64.dll
0x00007fff56a80000 - 0x00007fff56e47000 	C:\Windows\System32\DriverStore\FileRepository\iigd_dch.inf_amd64_ebf638e0a8a70542\igdgmm64.dll
0x00007fff56e50000 - 0x00007fff56f49000 	C:\Windows\SYSTEM32\textinputframework.dll
0x00007fff60ba0000 - 0x00007fff60c92000 	C:\Windows\System32\CoreMessaging.dll
0x00007fff604c0000 - 0x00007fff6081e000 	C:\Windows\System32\CoreUIComponents.dll
0x00007fff666b0000 - 0x00007fff666e3000 	C:\Windows\SYSTEM32\ntmarta.dll
0x00007fff5f4e0000 - 0x00007fff5f634000 	C:\Windows\SYSTEM32\wintypes.dll
0x00007fff4f450000 - 0x00007fff4f493000 	C:\Windows\SYSTEM32\icm32.dll
0x00007fff508f0000 - 0x00007fff53ea2000 	C:\Windows\System32\DriverStore\FileRepository\iigd_dch.inf_amd64_ebf638e0a8a70542\igc64.dll
0x00007fff65100000 - 0x00007fff652e4000 	C:\Windows\SYSTEM32\dbghelp.dll

VM Arguments:
jvm_args: -Duser.language=es_AR -Dfile.encoding=UTF-8 
java_command: org.uqbar.project.wollok.launch.WollokLauncher -requestsPort 0 -eventsPort 0 -folder -dontValidate -wf src/juego.wpgm -darkMode
java_class_path (initial): C:\Users\DELL\git\2023s1---tp-game-gta\bin;C:\POO\wollok-win32.win32.x86_64\plugins\com.ibm.icu_64.2.0.v20190507-1337.jar;C:\POO\wollok-win32.win32.x86_64\plugins\org.eclipse.xtext_2.20.0.v20191202-0915.jar;C:\POO\wollok-win32.win32.x86_64\plugins\org.eclipse.emf.ecore.xmi_2.16.0.v20190528-0725.jar;C:\POO\wollok-win32.win32.x86_64\plugins\org.eclipse.emf.ecore_2.20.0.v20190920-0401.jar;C:\POO\wollok-win32.win32.x86_64\plugins\org.eclipse.emf.common_2.17.0.v20190920-0401.jar;C:\POO\wollok-win32.win32.x86_64\plugins\org.antlr.runtime_3.2.0.v201101311130.jar;C:\POO\wollok-win32.win32.x86_64\plugins\com.google.inject_3.0.0.v201605172100.jar;C:\POO\wollok-win32.win32.x86_64\plugins\org.eclipse.emf.mwe.core_1.5.1.v20191121-1148.jar;C:\POO\wollok-win32.win32.x86_64\plugins\org.apache.commons.cli_1.2.0.v201404270220.jar;C:\POO\wollok-win32.win32.x86_64\plugins\org.eclipse.emf.mwe2.runtime_2.11.1.v20191121-1148.jar;C:\POO\wollok-win32.win32.x86_64\plugins\org.eclipse.emf.mwe.utils_1.5.1.v20191121-1148.jar;C:\POO\wollok-win32.win32.x86_64\plugins\org.eclipse.xtext.util_2.20.0.v20191202-0915.jar;C:\POO\wollok-win32.win32.x86_64\plugins\com.google.guava_27.1.0.v20190517-1946.jar;C:\POO\wollok-win32.win32.x86_64\plugins\javax.inject_1.0.0.v20091030.jar;C:\POO\wollok-win32.win32.x86_64\plugins\org.eclipse.xtext.generator_2.20.0.v20191202-0933.jar;C:\POO\wollok-win32.win32.x86_64\plugins\org.eclipse.xtext.xtext.generator_2.20.0.v20191202-0915.jar;C:\POO\wollok-win32.win32.x86_64\plugins\org.eclipse.xtext.xbase.lib_2.20.0.v20191202-0907.jar;C:\POO\wollok-win32.win32.x86_64\plugins\org.eclipse.emf.codegen.ecore_2.20.0.v20191012-0918.jar;C:\POO\wollok-win32.win32.x86_64\plugins\org.eclipse.emf.codegen_2.19.0.v20190821-1536.jar;C:\POO\wollok-win32.win32.x86_64\plugins\org.eclipse.xtend_2.2.0.v201605260315.jar;C:\POO\wollok-win32.win32.x86_64\plugins\org.eclipse.xpand_2.2.0.v201605260315.jar;C:\POO\wollok-win32.win32.x86_64\plugins\org.eclipse.xtend.typesys
Launcher Type: SUN_STANDARD

Environment Variables:
JAVA_HOME=C:\Program Files\Eclipse Adoptium\jdk-8.0.362.9-hotspot\
PATH=C:/POO/wollok-win32.win32.x86_64/jre/bin/server;C:/POO/wollok-win32.win32.x86_64/jre/bin;C:/POO/wollok-win32.win32.x86_64/jre/lib/amd64;C:\Program Files\Eclipse Adoptium\jdk-8.0.362.9-hotspot\bin;C:\Windows\system32;C:\Windows;C:\Windows\System32\Wbem;C:\Windows\System32\WindowsPowerShell\v1.0\;C:\Windows\System32\OpenSSH\;C:\Program Files\Git\cmd;C:\Program Files\dotnet\;C:\Program Files\nodejs\;C:\Users\DELL\AppData\Local\Microsoft\WindowsApps;;C:\Users\DELL\AppData\Local\Programs\Microsoft VS Code\bin;C:\Users\DELL\AppData\Roaming\npm;C:\POO\wollok-win32.win32.x86_64;
USERNAME=DELL
OS=Windows_NT
PROCESSOR_IDENTIFIER=Intel64 Family 6 Model 140 Stepping 1, GenuineIntel



---------------  S Y S T E M  ---------------

OS: Windows 10 , 64 bit Build 19041 (10.0.19041.3031)

CPU:total 8 (initial active 8) (4 cores per cpu, 2 threads per core) family 6 model 140 stepping 1, cmov, cx8, fxsr, mmx, sse, sse2, sse3, ssse3, sse4.1, sse4.2, popcnt, avx, avx2, aes, clmul, erms, 3dnowpref, lzcnt, ht, tsc, tscinvbit, bmi1, bmi2, adx

Memory: 4k page, physical 12299048k(4782972k free), swap 14199592k(2844812k free)

vm_info: OpenJDK 64-Bit Server VM (25.362-b09) for windows-amd64 JRE (1.8.0_362-b09), built on Jan 18 2023 17:11:58 by "jenkins" with MS VC++ 15.9 (VS2017)

time: Thu Jun 22 22:08:30 2023
timezone: Hora estándar de Argentina
elapsed time: 57.680242 seconds (0d 0h 0m 57s)

